Removed Pin From Net: NetName=GND Pin=MD1-GND
Removed Pin From Net: NetName=3.3VLAN Pin=U1-1
Removed Pin From Net: NetName=LED2 Pin=U1-2
Removed Pin From Net: NetName=LED1 Pin=U1-3
Removed Pin From Net: NetName=NetC8_2 Pin=U1-4
Removed Pin From Net: NetName=NetC9_2 Pin=U1-5
Removed Pin From Net: NetName=NetC4_2 Pin=U1-6
Removed Pin From Net: NetName=NetR6_2 Pin=U1-7
Removed Pin From Net: NetName=NetR5_2 Pin=U1-8
Removed Pin From Net: NetName=3.3V Pin=U1-9
Removed Pin From Net: NetName=RXER Pin=U1-10
Removed Pin From Net: NetName=NetR8_2 Pin=U1-11
Removed Pin From Net: NetName=MDIO Pin=U1-12
Removed Pin From Net: NetName=MDC Pin=U1-13
Removed Pin From Net: NetName=nINT/REFCLKO Pin=U1-14
Removed Pin From Net: NetName=nRST Pin=U1-15
Removed Pin From Net: NetName=TX_EN Pin=U1-16
Removed Pin From Net: NetName=TXD0 Pin=U1-17
Removed Pin From Net: NetName=TXD1 Pin=U1-18
Removed Pin From Net: NetName=3.3VLAN Pin=U1-19
Removed Pin From Net: NetName=TD_N Pin=U1-20
Removed Pin From Net: NetName=TD_P Pin=U1-21
Removed Pin From Net: NetName=RD_N Pin=U1-22
Removed Pin From Net: NetName=RD_P Pin=U1-23
Removed Pin From Net: NetName=NetR16_2 Pin=U1-24
Change component parameters: Designator = "SW1"; Footprint = "FP-B3U-1000P-B-MFG"; UniqueID = "\WXRDFMJB"
Change component parameters. Clean all parameters for all variants
Change component parameters (AddParameter): Name = "Ambient Temperature Range High"; Value = "+70°C"; VariantName = "[No Variations]"
Change component parameters (AddParameter): Name = "Ambient Temperature Range Low"; Value = "-25°C"; VariantName = "[No Variations]"
Change component parameters (AddParameter): Name = "Automotive"; Value = "No"; VariantName = "[No Variations]"
Change component parameters (AddParameter): Name = "Category"; Value = "Switch"; VariantName = "[No Variations]"
Change component parameters (AddParameter): Name = "ComponentLink2Description"; Value = "Datasheet"; VariantName = "[No Variations]"
Change component parameters (AddParameter): Name = "ComponentLink2URL"; Value = "https://omronfs.omron.com/en_US/ecb/products/pdf/en-b3u.pdf"; VariantName = "[No Variations]"
Change component parameters (AddParameter): Name = "Contact Current Rating"; Value = "50mA"; VariantName = "[No Variations]"
Change component parameters (AddParameter): Name = "Contact Resistance"; Value = "100m?"; VariantName = "[No Variations]"
Change component parameters (AddParameter): Name = "Device Class L1"; Value = "Electromechanical"; VariantName = "[No Variations]"
Change component parameters (AddParameter): Name = "Device Class L2"; Value = "Switches"; VariantName = "[No Variations]"
Change component parameters (AddParameter): Name = "Device Class L3"; Value = "Tactile Switches"; VariantName = "[No Variations]"
Change component parameters (AddParameter): Name = "Digikey Description"; Value = "SWITCH TACTILE SPST-NO 0.05A 12V"; VariantName = "[No Variations]"
Change component parameters (AddParameter): Name = "Electromechanical Life"; Value = "200000Cycles"; VariantName = "[No Variations]"
Change component parameters (AddParameter): Name = "Height"; Value = "1.75mm"; VariantName = "[No Variations]"
Change component parameters (AddParameter): Name = "Lead Free"; Value = "Yes"; VariantName = "[No Variations]"
Change component parameters (AddParameter): Name = "Manufacturer"; Value = "Omron"; VariantName = "[No Variations]"
Change component parameters (AddParameter): Name = "Manufacturer Part Number"; Value = "B3U-1000P-B"; VariantName = "[No Variations]"
Change component parameters (AddParameter): Name = "Mount"; Value = "Surface Mount"; VariantName = "[No Variations]"
Change component parameters (AddParameter): Name = "Mouser Description"; Value = "Tactile Switches Top Actuated with boss w/o ground"; VariantName = "[No Variations]"
Change component parameters (AddParameter): Name = "Octopart"; Value = "https://octopart.com/b3u-1000p-b-omron-1057356"; VariantName = "[No Variations]"
Change component parameters (AddParameter): Name = "Operating Force"; Value = "1.5N"; VariantName = "[No Variations]"
Change component parameters (AddParameter): Name = "Package"; Value = "0"; VariantName = "[No Variations]"
Change component parameters (AddParameter): Name = "RoHS"; Value = "TRUE"; VariantName = "[No Variations]"
Change component parameters (AddParameter): Name = "Temperature"; Value = "-25°C to +70°C"; VariantName = "[No Variations]"
Change component parameters (AddParameter): Name = "Temperature Range High"; Value = "+70°C"; VariantName = "[No Variations]"
Change component parameters (AddParameter): Name = "Temperature Range Low"; Value = "-25°C"; VariantName = "[No Variations]"
Change component parameters (AddParameter): Name = "Throw Configuration"; Value = "SPST-NO"; VariantName = "[No Variations]"
Change component parameters (AddParameter): Name = "Voltage Rating Dc"; Value = "12V"; VariantName = "[No Variations]"
Change component parameters: Designator = "SW2"; Footprint = "FP-B3U-1000P-B-MFG"; UniqueID = "\HGHBSEZZ"
Change component parameters. Clean all parameters for all variants
Change component parameters (AddParameter): Name = "Ambient Temperature Range High"; Value = "+70°C"; VariantName = "[No Variations]"
Change component parameters (AddParameter): Name = "Ambient Temperature Range Low"; Value = "-25°C"; VariantName = "[No Variations]"
Change component parameters (AddParameter): Name = "Automotive"; Value = "No"; VariantName = "[No Variations]"
Change component parameters (AddParameter): Name = "Category"; Value = "Switch"; VariantName = "[No Variations]"
Change component parameters (AddParameter): Name = "ComponentLink2Description"; Value = "Datasheet"; VariantName = "[No Variations]"
Change component parameters (AddParameter): Name = "ComponentLink2URL"; Value = "https://omronfs.omron.com/en_US/ecb/products/pdf/en-b3u.pdf"; VariantName = "[No Variations]"
Change component parameters (AddParameter): Name = "Contact Current Rating"; Value = "50mA"; VariantName = "[No Variations]"
Change component parameters (AddParameter): Name = "Contact Resistance"; Value = "100m?"; VariantName = "[No Variations]"
Change component parameters (AddParameter): Name = "Device Class L1"; Value = "Electromechanical"; VariantName = "[No Variations]"
Change component parameters (AddParameter): Name = "Device Class L2"; Value = "Switches"; VariantName = "[No Variations]"
Change component parameters (AddParameter): Name = "Device Class L3"; Value = "Tactile Switches"; VariantName = "[No Variations]"
Change component parameters (AddParameter): Name = "Digikey Description"; Value = "SWITCH TACTILE SPST-NO 0.05A 12V"; VariantName = "[No Variations]"
Change component parameters (AddParameter): Name = "Electromechanical Life"; Value = "200000Cycles"; VariantName = "[No Variations]"
Change component parameters (AddParameter): Name = "Height"; Value = "1.75mm"; VariantName = "[No Variations]"
Change component parameters (AddParameter): Name = "Lead Free"; Value = "Yes"; VariantName = "[No Variations]"
Change component parameters (AddParameter): Name = "Manufacturer"; Value = "Omron"; VariantName = "[No Variations]"
Change component parameters (AddParameter): Name = "Manufacturer Part Number"; Value = "B3U-1000P-B"; VariantName = "[No Variations]"
Change component parameters (AddParameter): Name = "Mount"; Value = "Surface Mount"; VariantName = "[No Variations]"
Change component parameters (AddParameter): Name = "Mouser Description"; Value = "Tactile Switches Top Actuated with boss w/o ground"; VariantName = "[No Variations]"
Change component parameters (AddParameter): Name = "Octopart"; Value = "https://octopart.com/b3u-1000p-b-omron-1057356"; VariantName = "[No Variations]"
Change component parameters (AddParameter): Name = "Operating Force"; Value = "1.5N"; VariantName = "[No Variations]"
Change component parameters (AddParameter): Name = "Package"; Value = "0"; VariantName = "[No Variations]"
Change component parameters (AddParameter): Name = "RoHS"; Value = "TRUE"; VariantName = "[No Variations]"
Change component parameters (AddParameter): Name = "Temperature"; Value = "-25°C to +70°C"; VariantName = "[No Variations]"
Change component parameters (AddParameter): Name = "Temperature Range High"; Value = "+70°C"; VariantName = "[No Variations]"
Change component parameters (AddParameter): Name = "Temperature Range Low"; Value = "-25°C"; VariantName = "[No Variations]"
Change component parameters (AddParameter): Name = "Throw Configuration"; Value = "SPST-NO"; VariantName = "[No Variations]"
Change component parameters (AddParameter): Name = "Voltage Rating Dc"; Value = "12V"; VariantName = "[No Variations]"
Added Component: Designator=U1(LAN8720 FOOT)
Add component. Clean all parameters for all variants
Added Pin To Net: NetName=3.3VLAN Pin=U1-1
Added Pin To Net: NetName=LED2 Pin=U1-2
Added Pin To Net: NetName=LED1 Pin=U1-3
Added Pin To Net: NetName=NetC8_2 Pin=U1-4
Added Pin To Net: NetName=NetC9_2 Pin=U1-5
Added Pin To Net: NetName=NetC4_2 Pin=U1-6
Added Pin To Net: NetName=NetR6_2 Pin=U1-7
Added Pin To Net: NetName=NetR5_2 Pin=U1-8
Added Pin To Net: NetName=3.3V Pin=U1-9
Added Pin To Net: NetName=RXER Pin=U1-10
Added Pin To Net: NetName=NetR8_2 Pin=U1-11
Added Pin To Net: NetName=MDIO Pin=U1-12
Added Pin To Net: NetName=MDC Pin=U1-13
Added Pin To Net: NetName=nINT/REFCLKO Pin=U1-14
Added Pin To Net: NetName=nRST Pin=U1-15
Added Pin To Net: NetName=TX_EN Pin=U1-16
Added Pin To Net: NetName=TXD0 Pin=U1-17
Added Pin To Net: NetName=TXD1 Pin=U1-18
Added Pin To Net: NetName=3.3VLAN Pin=U1-19
Added Pin To Net: NetName=TD_N Pin=U1-20
Added Pin To Net: NetName=TD_P Pin=U1-21
Added Pin To Net: NetName=RD_N Pin=U1-22
Added Pin To Net: NetName=RD_P Pin=U1-23
Added Pin To Net: NetName=NetR16_2 Pin=U1-24
Added Room: Name=microGate
