Removed Pin From Net: NetName=NetC4_2 Pin=C5-1
Removed Pin From Net: NetName=GND Pin=C5-2
Removed Pin From Net: NetName=GND Pin=C10-2
Removed Pin From Net: NetName=TD_P Pin=R1-1
Removed Pin From Net: NetName=RXER Pin=R7-1
Removed Pin From Net: NetName=3.3V Pin=R7-2
Removed Pin From Net: NetName=CRS_DV Pin=R8-2
Removed Pin From Net: NetName=MDIO Pin=R9-1
Removed Pin From Net: NetName=3.3V Pin=R9-2
Removed Pin From Net: NetName=GND Pin=R15-1
Removed Pin From Net: NetName=ESP_IO0 Pin=R18-1
Removed Pin From Net: NetName=nINT/REFCLKO Pin=R20-2
Removed Pin From Net: NetName=NetC9_2 Pin=Y2-1
Removed Pin From Net: NetName=NetC8_2 Pin=Y2-2
Removed Member From Class: ClassName=microGate Member=R20
Change Component Footprint: Designator=C1 Old Footprint=CAP 1206_3216 - 0.8MM New Footprint=CAP 0805_2012
Change Component Footprint: Designator=C2 Old Footprint=CAP 1206_3216 - 0.8MM New Footprint=CAP 0805_2012
Change Component Footprint: Designator=C3 Old Footprint=CAP 1206_3216 - 0.8MM New Footprint=CAP 0805_2012
Change Component Footprint: Designator=C4 Old Footprint=CAP 1206_3216 - 0.8MM New Footprint=CAP 0805_2012
Change Component Footprint: Designator=C5 Old Footprint=CAP 1206_3216 - 0.8MM New Footprint=CAP 0805_2012
Change Component Footprint: Designator=C6 Old Footprint=CAP 1206_3216 - 0.8MM New Footprint=CAP 0805_2012
Change Component Footprint: Designator=C9 Old Footprint=CAP 1206_3216 - 0.8MM New Footprint=CAP 0805_2012
Change Component Footprint: Designator=C7 Old Footprint=CAP 1206_3216 - 1.0MM New Footprint=CAP 0805_2012
Change Component Footprint: Designator=C8 Old Footprint=CAP 1206_3216 - 1.0MM New Footprint=CAP 0805_2012
Change Component Footprint: Designator=C10 Old Footprint=CAP 1206_3216 - 1.8MM New Footprint=CAP 0805_2012
Change Component Footprint: Designator=C11 Old Footprint=CAP 1206_3216 - 1.8MM New Footprint=CAP 0805_2012
Change Component Footprint: Designator=C12 Old Footprint=CAP 1206_3216 - 1.8MM New Footprint=CAP 0805_2012
Change Component Footprint: Designator=C13 Old Footprint=CAP 1206_3216 - 1.8MM New Footprint=CAP 0805_2012
Change Component Footprint: Designator=C14 Old Footprint=CAP 1206_3216 - 1.8MM New Footprint=CAP 0805_2012
Change Component Footprint: Designator=C15 Old Footprint=CAP 1206_3216 - 1.8MM New Footprint=CAP 0805_2012
Change Component Footprint: Designator=C16 Old Footprint=CAP 1206_3216 - 1.8MM New Footprint=CAP 0805_2012
Change Component Footprint: Designator=R1 Old Footprint=RES 1206_3216 New Footprint=RES 0805_2012
Change Component Footprint: Designator=R2 Old Footprint=RES 1206_3216 New Footprint=RES 0805_2012
Change Component Footprint: Designator=R3 Old Footprint=RES 1206_3216 New Footprint=RES 0805_2012
Change Component Footprint: Designator=R4 Old Footprint=RES 1206_3216 New Footprint=RES 0805_2012
Change Component Footprint: Designator=R5 Old Footprint=RES 1206_3216 New Footprint=RES 0805_2012
Change Component Footprint: Designator=R6 Old Footprint=RES 1206_3216 New Footprint=RES 0805_2012
Change Component Footprint: Designator=R7 Old Footprint=RES 1206_3216 New Footprint=RES 0805_2012
Change Component Footprint: Designator=R8 Old Footprint=RES 1206_3216 New Footprint=RES 0805_2012
Change Component Footprint: Designator=R9 Old Footprint=RES 1206_3216 New Footprint=RES 0805_2012
Change Component Footprint: Designator=R10 Old Footprint=RES 1206_3216 New Footprint=RES 0805_2012
Change Component Footprint: Designator=R11 Old Footprint=RES 1206_3216 New Footprint=RES 0805_2012
Change Component Footprint: Designator=R12 Old Footprint=RES 1206_3216 New Footprint=RES 0805_2012
Change Component Footprint: Designator=R13 Old Footprint=RES 1206_3216 New Footprint=RES 0805_2012
Change Component Footprint: Designator=R14 Old Footprint=RES 1206_3216 New Footprint=RES 0805_2012
Change Component Footprint: Designator=R15 Old Footprint=RES 1206_3216 New Footprint=RES 0805_2012
Change Component Footprint: Designator=R16 Old Footprint=RES 1206_3216 New Footprint=RES 0805_2012
Change Component Footprint: Designator=R17 Old Footprint=RES 1206_3216 New Footprint=RES 0805_2012
Change Component Footprint: Designator=R18 Old Footprint=RES 1206_3216 New Footprint=RES 0805_2012
Change Component Footprint: Designator=R19 Old Footprint=RES 1206_3216 New Footprint=RES 0805_2012
Change Component Footprint: Designator=R21 Old Footprint=RES 1206_3216 New Footprint=RES 0805_2012
Change Component Footprint: Designator=R22 Old Footprint=RES 1206_3216 New Footprint=RES 0805_2012
Change Component Footprint: Designator=R23 Old Footprint=RES 1206_3216 New Footprint=RES 0805_2012
Change Component Comment : Designator=C10 Old Comment=0.1µF New Comment=0.1uF
Change Component Comment : Designator=C16 Old Comment=0.1µF New Comment=100nF
Change Component Comment : Designator=C14 Old Comment=0.22µF New Comment=10uF
Change Component Comment : Designator=C15 Old Comment=0.22µF New Comment=10uF
Change Component Comment : Designator=R10 Old Comment=0 Ohms New Comment=33R
Change Component Comment : Designator=R15 Old Comment=0 Ohms New Comment=33R
Change Component Comment : Designator=R16 Old Comment=0R (%5) New Comment=33R
Change Component Comment : Designator=R22 Old Comment=0R New Comment=33R
Change Component Comment : Designator=R17 Old Comment=2K R New Comment=33R
Change Component Comment : Designator=R12 Old Comment=4.7 kOhms New Comment=33R
Change Component Comment : Designator=R19 Old Comment=10 kOhms New Comment=33R
Change Component Comment : Designator=R18 Old Comment=10kR New Comment=33R
Change Component Comment : Designator=C11 Old Comment=10µF New Comment=0.22uF
Change Component Comment : Designator=C12 Old Comment=10µF New Comment=0.22uF
Change Component Comment : Designator=R13 Old Comment=12.1k New Comment=33R
Change Component Comment : Designator=C7 Old Comment=30pF New Comment=104 (0.1uF
Change Component Comment : Designator=R1 Old Comment=49.9 Ohms New Comment=49.9 R
Change Component Comment : Designator=R2 Old Comment=49.9 Ohms New Comment=49.9 R
Change Component Comment : Designator=R3 Old Comment=49.9 Ohms New Comment=49.9 R
Change Component Comment : Designator=R4 Old Comment=49.9 Ohms New Comment=49.9 R
Change Component Comment : Designator=C13 Old Comment=100nF New Comment=0.1uF
Change Component Comment : Designator=R5 Old Comment=100R New Comment=100 Ohms
Change Component Comment : Designator=R6 Old Comment=100R New Comment=100 Ohms
Change Component Comment : Designator=R7 Old Comment=100R New Comment=100 Ohms
Change Component Comment : Designator=R8 Old Comment=100R New Comment=100 Ohms
Change Component Comment : Designator=C9 Old Comment=104 (0.1µF) New Comment=30pF
Change Component Comment : Designator=C1 Old Comment=104 (0.1µF) New Comment=104 (0.1uF
Change Component Comment : Designator=C2 Old Comment=104 (0.1µF) New Comment=104 (0.1uF
Change Component Comment : Designator=C6 Old Comment=104 (0.1µF) New Comment=104 (0.1uF
Change Component Comment : Designator=C4 Old Comment=105 (1µF) New Comment=105 (1uF)
Change Component Comment : Designator=R11 Old Comment=330 Ohms New Comment=33R
Change Component Comment : Designator=R14 Old Comment=330 Ohms New Comment=33R
Added Pin To Net: NetName=GND Pin=C5-1
Added Pin To Net: NetName=NetC4_2 Pin=C5-2
Added Pin To Net: NetName=GND Pin=C10-1
Added Pin To Net: NetName=EN Pin=C10-2
Added Pin To Net: NetName=RXD0 Pin=R5-1
Added Pin To Net: NetName=RXD1 Pin=R6-1
Added Pin To Net: NetName=3.3V Pin=R7-1
Added Pin To Net: NetName=RXER Pin=R7-2
Added Pin To Net: NetName=CRS_DV Pin=R8-1
Added Pin To Net: NetName=3.3V Pin=R9-1
Added Pin To Net: NetName=MDIO Pin=R9-2
Added Pin To Net: NetName=LED1 Pin=R15-1
Added Pin To Net: NetName=LED2 Pin=R18-1
Added Pin To Net: NetName=EN Pin=SW1-2
Added Pin To Net: NetName=NetC8_2 Pin=Y2-1
Added Pin To Net: NetName=NetC9_2 Pin=Y2-2
Added Pin To Net: NetName=NetR8_2 Pin=R8-2
Added Pin To Net: NetName=NetR8_2 Pin=U1-11
Added Net: Name=NetR8_2
Added Room: Name=microGate
