Removed Pin From Net: NetName=GND Pin=MD1-1
Removed Pin From Net: NetName=3.3V Pin=MD1-2
Removed Pin From Net: NetName=EN Pin=MD1-3
Removed Pin From Net: NetName=SCL Pin=MD1-8
Removed Pin From Net: NetName=SDA Pin=MD1-9
Removed Pin From Net: NetName=RXD0 Pin=MD1-10
Removed Pin From Net: NetName=RXD1 Pin=MD1-11
Removed Pin From Net: NetName=CRS_DV Pin=MD1-12
Removed Pin From Net: NetName=IO14 / TOUCH_5 Pin=MD1-13
Removed Pin From Net: NetName=IO12 / TOUCH_3 Pin=MD1-14
Removed Pin From Net: NetName=GND Pin=MD1-15
Removed Pin From Net: NetName=IO13 / TOUCH_4 Pin=MD1-16
Removed Pin From Net: NetName=IO15 / TOUCH_6 Pin=MD1-23
Removed Pin From Net: NetName=IO2 / TOUCH_1 Pin=MD1-24
Removed Pin From Net: NetName=ESP_IO0 Pin=MD1-25
Removed Pin From Net: NetName=IO4 / TOUCH_2 Pin=MD1-26
Removed Pin From Net: NetName=MDIO Pin=MD1-30
Removed Pin From Net: NetName=TXD0 Pin=MD1-31
Removed Pin From Net: NetName=TX_EN Pin=MD1-33
Removed Pin From Net: NetName=ESP_RX Pin=MD1-34
Removed Pin From Net: NetName=ESP_TX Pin=MD1-35
Removed Pin From Net: NetName=TXD1 Pin=MD1-36
Removed Pin From Net: NetName=MDC Pin=MD1-37
Removed Pin From Net: NetName=GND Pin=MD1-38
Removed Pin From Net: NetName=GND Pin=MD1-39
Removed Member From Class: ClassName=microGate Member=MD1
Change component parameters: Designator = "SW1"; Footprint = "FP-B3U-1000P-B-MFG"; UniqueID = "\WXRDFMJB"
Change component parameters. Clean all parameters for all variants
Change component parameters (AddParameter): Name = "Ambient Temperature Range High"; Value = "+70°C"; VariantName = "[No Variations]"
Change component parameters (AddParameter): Name = "Ambient Temperature Range Low"; Value = "-25°C"; VariantName = "[No Variations]"
Change component parameters (AddParameter): Name = "Automotive"; Value = "No"; VariantName = "[No Variations]"
Change component parameters (AddParameter): Name = "Category"; Value = "Switch"; VariantName = "[No Variations]"
Change component parameters (AddParameter): Name = "ComponentLink2Description"; Value = "Datasheet"; VariantName = "[No Variations]"
Change component parameters (AddParameter): Name = "ComponentLink2URL"; Value = "https://omronfs.omron.com/en_US/ecb/products/pdf/en-b3u.pdf"; VariantName = "[No Variations]"
Change component parameters (AddParameter): Name = "Contact Current Rating"; Value = "50mA"; VariantName = "[No Variations]"
Change component parameters (AddParameter): Name = "Contact Resistance"; Value = "100m?"; VariantName = "[No Variations]"
Change component parameters (AddParameter): Name = "Device Class L1"; Value = "Electromechanical"; VariantName = "[No Variations]"
Change component parameters (AddParameter): Name = "Device Class L2"; Value = "Switches"; VariantName = "[No Variations]"
Change component parameters (AddParameter): Name = "Device Class L3"; Value = "Tactile Switches"; VariantName = "[No Variations]"
Change component parameters (AddParameter): Name = "Digikey Description"; Value = "SWITCH TACTILE SPST-NO 0.05A 12V"; VariantName = "[No Variations]"
Change component parameters (AddParameter): Name = "Electromechanical Life"; Value = "200000Cycles"; VariantName = "[No Variations]"
Change component parameters (AddParameter): Name = "Height"; Value = "1.75mm"; VariantName = "[No Variations]"
Change component parameters (AddParameter): Name = "Lead Free"; Value = "Yes"; VariantName = "[No Variations]"
Change component parameters (AddParameter): Name = "Manufacturer"; Value = "Omron"; VariantName = "[No Variations]"
Change component parameters (AddParameter): Name = "Manufacturer Part Number"; Value = "B3U-1000P-B"; VariantName = "[No Variations]"
Change component parameters (AddParameter): Name = "Mount"; Value = "Surface Mount"; VariantName = "[No Variations]"
Change component parameters (AddParameter): Name = "Mouser Description"; Value = "Tactile Switches Top Actuated with boss w/o ground"; VariantName = "[No Variations]"
Change component parameters (AddParameter): Name = "Octopart"; Value = "https://octopart.com/b3u-1000p-b-omron-1057356"; VariantName = "[No Variations]"
Change component parameters (AddParameter): Name = "Operating Force"; Value = "1.5N"; VariantName = "[No Variations]"
Change component parameters (AddParameter): Name = "Package"; Value = "0"; VariantName = "[No Variations]"
Change component parameters (AddParameter): Name = "RoHS"; Value = "TRUE"; VariantName = "[No Variations]"
Change component parameters (AddParameter): Name = "Temperature"; Value = "-25°C to +70°C"; VariantName = "[No Variations]"
Change component parameters (AddParameter): Name = "Temperature Range High"; Value = "+70°C"; VariantName = "[No Variations]"
Change component parameters (AddParameter): Name = "Temperature Range Low"; Value = "-25°C"; VariantName = "[No Variations]"
Change component parameters (AddParameter): Name = "Throw Configuration"; Value = "SPST-NO"; VariantName = "[No Variations]"
Change component parameters (AddParameter): Name = "Voltage Rating Dc"; Value = "12V"; VariantName = "[No Variations]"
Change component parameters: Designator = "SW2"; Footprint = "FP-B3U-1000P-B-MFG"; UniqueID = "\HGHBSEZZ"
Change component parameters. Clean all parameters for all variants
Change component parameters (AddParameter): Name = "Ambient Temperature Range High"; Value = "+70°C"; VariantName = "[No Variations]"
Change component parameters (AddParameter): Name = "Ambient Temperature Range Low"; Value = "-25°C"; VariantName = "[No Variations]"
Change component parameters (AddParameter): Name = "Automotive"; Value = "No"; VariantName = "[No Variations]"
Change component parameters (AddParameter): Name = "Category"; Value = "Switch"; VariantName = "[No Variations]"
Change component parameters (AddParameter): Name = "ComponentLink2Description"; Value = "Datasheet"; VariantName = "[No Variations]"
Change component parameters (AddParameter): Name = "ComponentLink2URL"; Value = "https://omronfs.omron.com/en_US/ecb/products/pdf/en-b3u.pdf"; VariantName = "[No Variations]"
Change component parameters (AddParameter): Name = "Contact Current Rating"; Value = "50mA"; VariantName = "[No Variations]"
Change component parameters (AddParameter): Name = "Contact Resistance"; Value = "100m?"; VariantName = "[No Variations]"
Change component parameters (AddParameter): Name = "Device Class L1"; Value = "Electromechanical"; VariantName = "[No Variations]"
Change component parameters (AddParameter): Name = "Device Class L2"; Value = "Switches"; VariantName = "[No Variations]"
Change component parameters (AddParameter): Name = "Device Class L3"; Value = "Tactile Switches"; VariantName = "[No Variations]"
Change component parameters (AddParameter): Name = "Digikey Description"; Value = "SWITCH TACTILE SPST-NO 0.05A 12V"; VariantName = "[No Variations]"
Change component parameters (AddParameter): Name = "Electromechanical Life"; Value = "200000Cycles"; VariantName = "[No Variations]"
Change component parameters (AddParameter): Name = "Height"; Value = "1.75mm"; VariantName = "[No Variations]"
Change component parameters (AddParameter): Name = "Lead Free"; Value = "Yes"; VariantName = "[No Variations]"
Change component parameters (AddParameter): Name = "Manufacturer"; Value = "Omron"; VariantName = "[No Variations]"
Change component parameters (AddParameter): Name = "Manufacturer Part Number"; Value = "B3U-1000P-B"; VariantName = "[No Variations]"
Change component parameters (AddParameter): Name = "Mount"; Value = "Surface Mount"; VariantName = "[No Variations]"
Change component parameters (AddParameter): Name = "Mouser Description"; Value = "Tactile Switches Top Actuated with boss w/o ground"; VariantName = "[No Variations]"
Change component parameters (AddParameter): Name = "Octopart"; Value = "https://octopart.com/b3u-1000p-b-omron-1057356"; VariantName = "[No Variations]"
Change component parameters (AddParameter): Name = "Operating Force"; Value = "1.5N"; VariantName = "[No Variations]"
Change component parameters (AddParameter): Name = "Package"; Value = "0"; VariantName = "[No Variations]"
Change component parameters (AddParameter): Name = "RoHS"; Value = "TRUE"; VariantName = "[No Variations]"
Change component parameters (AddParameter): Name = "Temperature"; Value = "-25°C to +70°C"; VariantName = "[No Variations]"
Change component parameters (AddParameter): Name = "Temperature Range High"; Value = "+70°C"; VariantName = "[No Variations]"
Change component parameters (AddParameter): Name = "Temperature Range Low"; Value = "-25°C"; VariantName = "[No Variations]"
Change component parameters (AddParameter): Name = "Throw Configuration"; Value = "SPST-NO"; VariantName = "[No Variations]"
Change component parameters (AddParameter): Name = "Voltage Rating Dc"; Value = "12V"; VariantName = "[No Variations]"
Added Component: Designator=MD?(ESP32 WROOM 32U)
Add component. Clean all parameters for all variants
Added Pin To Net: NetName=GND Pin=MD?-1
Added Pin To Net: NetName=3.3V Pin=MD?-2
Added Pin To Net: NetName=EN Pin=MD?-3
Added Pin To Net: NetName=SCL Pin=MD?-8
Added Pin To Net: NetName=SDA Pin=MD?-9
Added Pin To Net: NetName=RXD0 Pin=MD?-10
Added Pin To Net: NetName=RXD1 Pin=MD?-11
Added Pin To Net: NetName=CRS_DV Pin=MD?-12
Added Pin To Net: NetName=IO14 / TOUCH_5 Pin=MD?-13
Added Pin To Net: NetName=IO12 / TOUCH_3 Pin=MD?-14
Added Pin To Net: NetName=GND Pin=MD?-15
Added Pin To Net: NetName=IO13 / TOUCH_4 Pin=MD?-16
Added Pin To Net: NetName=IO15 / TOUCH_6 Pin=MD?-23
Added Pin To Net: NetName=IO2 / TOUCH_1 Pin=MD?-24
Added Pin To Net: NetName=ESP_IO0 Pin=MD?-25
Added Pin To Net: NetName=IO4 / TOUCH_2 Pin=MD?-26
Added Pin To Net: NetName=MDIO Pin=MD?-30
Added Pin To Net: NetName=TXD0 Pin=MD?-31
Added Pin To Net: NetName=TX_EN Pin=MD?-33
Added Pin To Net: NetName=ESP_RX Pin=MD?-34
Added Pin To Net: NetName=ESP_TX Pin=MD?-35
Added Pin To Net: NetName=TXD1 Pin=MD?-36
Added Pin To Net: NetName=MDC Pin=MD?-37
Added Pin To Net: NetName=GND Pin=MD?-38
Added Member To Class: ClassName=microGate Member=Component MD? WROOM 32U
Added Room: Name=microGate
